{"level":50,"time":1775050783622,"pid":21424,"hostname":"spamer","msg":"test"}
{"level":60,"time":1775050853879,"pid":5452,"hostname":"spamer","msg":"test"}
{"level":30,"time":1776264024832,"pid":26384,"hostname":"spamer","req":{"id":1,"method":"GET","url":"/","query":{},"params":{},"headers":"[Redacted]","remoteAddress":"::1","remotePort":50376},"res":{"statusCode":304,"headers":"[Redacted]"},"responseTime":7,"msg":"request completed"}
{"level":30,"time":1776264035210,"pid":26384,"hostname":"spamer","req":{"id":2,"method":"GET","url":"/api-docs","query":{},"params":{},"headers":"[Redacted]","remoteAddress":"::1","remotePort":60510},"res":{"statusCode":301,"headers":"[Redacted]"},"responseTime":3,"msg":"request completed"}
{"level":30,"time":1776264035228,"pid":26384,"hostname":"spamer","req":{"id":3,"method":"GET","url":"/api-docs/","query":{},"params":{},"headers":"[Redacted]","remoteAddress":"::1","remotePort":60510},"res":{"statusCode":200,"headers":"[Redacted]"},"responseTime":12,"msg":"request completed"}
{"level":30,"time":1776264035303,"pid":26384,"hostname":"spamer","req":{"id":7,"method":"GET","url":"/api-docs/swagger-ui-init.js","query":{},"params":{},"headers":"[Redacted]","remoteAddress":"::1","remotePort":58834},"res":{"statusCode":200,"headers":"[Redacted]"},"responseTime":3,"msg":"request completed"}
{"level":30,"time":1776264035310,"pid":26384,"hostname":"spamer","req":{"id":4,"method":"GET","url":"/api-docs/swagger-ui.css","query":{},"params":{},"headers":"[Redacted]","remoteAddress":"::1","remotePort":60510},"res":{"statusCode":200,"headers":"[Redacted]"},"responseTime":14,"msg":"request completed"}
{"level":30,"time":1776264035326,"pid":26384,"hostname":"spamer","req":{"id":6,"method":"GET","url":"/api-docs/swagger-ui-standalone-preset.js","query":{},"params":{},"headers":"[Redacted]","remoteAddress":"::1","remotePort":52264},"res":{"statusCode":200,"headers":"[Redacted]"},"responseTime":26,"msg":"request completed"}
{"level":30,"time":1776264035362,"pid":26384,"hostname":"spamer","req":{"id":5,"method":"GET","url":"/api-docs/swagger-ui-bundle.js","query":{},"params":{},"headers":"[Redacted]","remoteAddress":"::1","remotePort":64038},"res":{"statusCode":200,"headers":"[Redacted]"},"responseTime":63,"msg":"request completed"}
{"level":30,"time":1776264035559,"pid":26384,"hostname":"spamer","req":{"id":8,"method":"GET","url":"/api-docs/favicon-32x32.png","query":{},"params":{},"headers":"[Redacted]","remoteAddress":"::1","remotePort":64038},"res":{"statusCode":200,"headers":"[Redacted]"},"responseTime":1,"msg":"request completed"}
{"level":30,"time":1776264154427,"pid":14976,"hostname":"spamer","req":{"id":1,"method":"GET","url":"/api-docs/","query":{},"params":{},"headers":"[Redacted]","remoteAddress":"::1","remotePort":52442},"res":{"statusCode":304,"headers":"[Redacted]"},"responseTime":8,"msg":"request completed"}
{"level":30,"time":1776264159248,"pid":14976,"hostname":"spamer","req":{"id":2,"method":"GET","url":"/api-docs/","query":{},"params":{},"headers":"[Redacted]","remoteAddress":"::1","remotePort":52442},"res":{"statusCode":200,"headers":"[Redacted]"},"responseTime":6,"msg":"request completed"}
{"level":30,"time":1776264159283,"pid":14976,"hostname":"spamer","req":{"id":6,"method":"GET","url":"/api-docs/swagger-ui-init.js","query":{},"params":{},"headers":"[Redacted]","remoteAddress":"::1","remotePort":55523},"res":{"statusCode":200,"headers":"[Redacted]"},"responseTime":3,"msg":"request completed"}
{"level":30,"time":1776264159291,"pid":14976,"hostname":"spamer","req":{"id":3,"method":"GET","url":"/api-docs/swagger-ui.css","query":{},"params":{},"headers":"[Redacted]","remoteAddress":"::1","remotePort":52442},"res":{"statusCode":200,"headers":"[Redacted]"},"responseTime":16,"msg":"request completed"}
{"level":30,"time":1776264159302,"pid":14976,"hostname":"spamer","req":{"id":5,"method":"GET","url":"/api-docs/swagger-ui-standalone-preset.js","query":{},"params":{},"headers":"[Redacted]","remoteAddress":"::1","remotePort":54624},"res":{"statusCode":200,"headers":"[Redacted]"},"responseTime":23,"msg":"request completed"}
{"level":30,"time":1776264159338,"pid":14976,"hostname":"spamer","req":{"id":4,"method":"GET","url":"/api-docs/swagger-ui-bundle.js","query":{},"params":{},"headers":"[Redacted]","remoteAddress":"::1","remotePort":61191},"res":{"statusCode":200,"headers":"[Redacted]"},"responseTime":59,"msg":"request completed"}
{"level":30,"time":1776264159448,"pid":14976,"hostname":"spamer","req":{"id":7,"method":"GET","url":"/api-docs/favicon-32x32.png","query":{},"params":{},"headers":"[Redacted]","remoteAddress":"::1","remotePort":61191},"res":{"statusCode":200,"headers":"[Redacted]"},"responseTime":3,"msg":"request completed"}
{"level":30,"time":1776264163792,"pid":14976,"hostname":"spamer","req":{"id":8,"method":"GET","url":"/.well-known/appspecific/com.chrome.devtools.json","query":{},"params":{},"headers":"[Redacted]","remoteAddress":"::1","remotePort":61191},"res":{"statusCode":404,"headers":"[Redacted]"},"responseTime":2,"msg":"request completed"}
{"level":30,"time":1776264164222,"pid":14976,"hostname":"spamer","req":{"id":9,"method":"GET","url":"/api-docs/swagger-ui.css.map","query":{},"params":{},"headers":"[Redacted]","remoteAddress":"::1","remotePort":61191},"res":{"statusCode":200,"headers":"[Redacted]"},"responseTime":16,"msg":"request completed"}
{"level":30,"time":1776264231367,"pid":15888,"hostname":"spamer","req":{"id":1,"method":"GET","url":"/api-docs/","query":{},"params":{},"headers":"[Redacted]","remoteAddress":"::1","remotePort":61128},"res":{"statusCode":200,"headers":"[Redacted]"},"responseTime":13,"msg":"request completed"}
{"level":30,"time":1776264231407,"pid":15888,"hostname":"spamer","req":{"id":5,"method":"GET","url":"/api-docs/swagger-ui-init.js","query":{},"params":{},"headers":"[Redacted]","remoteAddress":"::1","remotePort":51396},"res":{"statusCode":200,"headers":"[Redacted]"},"responseTime":4,"msg":"request completed"}
{"level":30,"time":1776264231414,"pid":15888,"hostname":"spamer","req":{"id":2,"method":"GET","url":"/api-docs/swagger-ui.css","query":{},"params":{},"headers":"[Redacted]","remoteAddress":"::1","remotePort":61128},"res":{"statusCode":200,"headers":"[Redacted]"},"responseTime":17,"msg":"request completed"}
{"level":30,"time":1776264231420,"pid":15888,"hostname":"spamer","req":{"id":4,"method":"GET","url":"/api-docs/swagger-ui-standalone-preset.js","query":{},"params":{},"headers":"[Redacted]","remoteAddress":"::1","remotePort":61879},"res":{"statusCode":200,"headers":"[Redacted]"},"responseTime":18,"msg":"request completed"}
{"level":30,"time":1776264231459,"pid":15888,"hostname":"spamer","req":{"id":3,"method":"GET","url":"/api-docs/swagger-ui-bundle.js","query":{},"params":{},"headers":"[Redacted]","remoteAddress":"::1","remotePort":62126},"res":{"statusCode":200,"headers":"[Redacted]"},"responseTime":59,"msg":"request completed"}
